{"/Users/harold/Software_Projects/open-source/portfolio/health_form/server/javascript/express/src/repositories/UserTemp.js": {"path":"/Users/harold/Software_Projects/open-source/portfolio/health_form/server/javascript/express/src/repositories/UserTemp.js","all":false,"statementMap":{"0":{"start":{"line":1,"column":0},"end":{"line":1,"column":79}},"1":{"start":{"line":2,"column":0},"end":{"line":2,"column":127}},"2":{"start":{"line":3,"column":0},"end":{"line":3,"column":1}}},"s":{"0":1,"1":0,"2":0},"branchMap":{"0":{"type":"branch","line":1,"loc":{"start":{"line":1,"column":0},"end":{"line":3,"column":1}},"locations":[{"start":{"line":1,"column":0},"end":{"line":3,"column":1}}]},"1":{"type":"branch","line":1,"loc":{"start":{"line":1,"column":0},"end":{"line":3,"column":1}},"locations":[{"start":{"line":1,"column":0},"end":{"line":3,"column":1}}]}},"b":{"0":[1],"1":[1]},"fnMap":{"0":{"name":"Object.<anonymous>","decl":{"start":{"line":1,"column":0},"end":{"line":3,"column":1}},"loc":{"start":{"line":1,"column":0},"end":{"line":3,"column":1}},"line":1},"1":{"name":"Object.<anonymous>.exports.LogToDB","decl":{"start":{"line":1,"column":18},"end":{"line":3,"column":1}},"loc":{"start":{"line":1,"column":18},"end":{"line":3,"column":1}},"line":1}},"f":{"0":1,"1":0}}
,"/Users/harold/Software_Projects/open-source/portfolio/health_form/server/javascript/express/src/services/UserTemp.js": {"path":"/Users/harold/Software_Projects/open-source/portfolio/health_form/server/javascript/express/src/services/UserTemp.js","all":false,"statementMap":{"0":{"start":{"line":1,"column":0},"end":{"line":1,"column":62}},"1":{"start":{"line":2,"column":0},"end":{"line":2,"column":0}},"2":{"start":{"line":3,"column":0},"end":{"line":3,"column":85}},"3":{"start":{"line":4,"column":0},"end":{"line":4,"column":16}},"4":{"start":{"line":5,"column":0},"end":{"line":5,"column":60}},"5":{"start":{"line":6,"column":0},"end":{"line":6,"column":5}},"6":{"start":{"line":7,"column":0},"end":{"line":7,"column":29}},"7":{"start":{"line":8,"column":0},"end":{"line":8,"column":52}},"8":{"start":{"line":9,"column":0},"end":{"line":9,"column":5}},"9":{"start":{"line":10,"column":0},"end":{"line":10,"column":23}},"10":{"start":{"line":11,"column":0},"end":{"line":11,"column":67}},"11":{"start":{"line":12,"column":0},"end":{"line":12,"column":5}},"12":{"start":{"line":13,"column":0},"end":{"line":13,"column":48}},"13":{"start":{"line":14,"column":0},"end":{"line":14,"column":46}},"14":{"start":{"line":15,"column":0},"end":{"line":15,"column":5}},"15":{"start":{"line":16,"column":0},"end":{"line":16,"column":0}},"16":{"start":{"line":17,"column":0},"end":{"line":17,"column":84}},"17":{"start":{"line":18,"column":0},"end":{"line":18,"column":1}}},"s":{"0":1,"1":1,"2":1,"3":3,"4":1,"5":1,"6":3,"7":1,"8":1,"9":3,"10":0,"11":0,"12":3,"13":0,"14":0,"15":1,"16":1,"17":3},"branchMap":{"0":{"type":"branch","line":1,"loc":{"start":{"line":1,"column":0},"end":{"line":18,"column":1}},"locations":[{"start":{"line":1,"column":0},"end":{"line":18,"column":1}}]},"1":{"type":"branch","line":1,"loc":{"start":{"line":1,"column":0},"end":{"line":18,"column":1}},"locations":[{"start":{"line":1,"column":0},"end":{"line":18,"column":1}}]},"2":{"type":"branch","line":3,"loc":{"start":{"line":3,"column":22},"end":{"line":18,"column":1}},"locations":[{"start":{"line":3,"column":22},"end":{"line":18,"column":1}}]},"3":{"type":"branch","line":4,"loc":{"start":{"line":4,"column":15},"end":{"line":6,"column":5}},"locations":[{"start":{"line":4,"column":15},"end":{"line":6,"column":5}}]},"4":{"type":"branch","line":7,"loc":{"start":{"line":7,"column":-1},"end":{"line":7,"column":28}},"locations":[{"start":{"line":7,"column":-1},"end":{"line":7,"column":28}}]},"5":{"type":"branch","line":7,"loc":{"start":{"line":7,"column":28},"end":{"line":10,"column":22}},"locations":[{"start":{"line":7,"column":28},"end":{"line":10,"column":22}}]},"6":{"type":"branch","line":10,"loc":{"start":{"line":10,"column":22},"end":{"line":12,"column":5}},"locations":[{"start":{"line":10,"column":22},"end":{"line":12,"column":5}}]},"7":{"type":"branch","line":13,"loc":{"start":{"line":13,"column":-1},"end":{"line":13,"column":45}},"locations":[{"start":{"line":13,"column":-1},"end":{"line":13,"column":45}}]},"8":{"type":"branch","line":13,"loc":{"start":{"line":13,"column":47},"end":{"line":15,"column":5}},"locations":[{"start":{"line":13,"column":47},"end":{"line":15,"column":5}}]},"9":{"type":"branch","line":16,"loc":{"start":{"line":16,"column":-1},"end":{"line":18,"column":0}},"locations":[{"start":{"line":16,"column":-1},"end":{"line":18,"column":0}}]}},"b":{"0":[1],"1":[1],"2":[3],"3":[1],"4":[2],"5":[1],"6":[0],"7":[1],"8":[0],"9":[1]},"fnMap":{"0":{"name":"Object.<anonymous>","decl":{"start":{"line":1,"column":0},"end":{"line":18,"column":1}},"loc":{"start":{"line":1,"column":0},"end":{"line":18,"column":1}},"line":1},"1":{"name":"Object.<anonymous>.exports.LogUserTemp","decl":{"start":{"line":3,"column":22},"end":{"line":18,"column":1}},"loc":{"start":{"line":3,"column":22},"end":{"line":18,"column":1}},"line":3}},"f":{"0":1,"1":3}}
}
