TN:
SF:src/repositories/UserTemp.js
FN:1,Object.<anonymous>
FN:1,Object.<anonymous>.exports.LogToDB
FNF:2
FNH:1
FNDA:1,Object.<anonymous>
FNDA:0,Object.<anonymous>.exports.LogToDB
DA:1,1
DA:2,0
DA:3,0
LF:3
LH:1
BRDA:1,0,0,1
BRDA:1,1,0,1
BRF:2
BRH:2
end_of_record
TN:
SF:src/services/UserTemp.js
FN:1,Object.<anonymous>
FN:3,Object.<anonymous>.exports.LogUserTemp
FNF:2
FNH:2
FNDA:1,Object.<anonymous>
FNDA:3,Object.<anonymous>.exports.LogUserTemp
DA:1,1
DA:2,1
DA:3,1
DA:4,3
DA:5,1
DA:6,1
DA:7,3
DA:8,1
DA:9,1
DA:10,3
DA:11,0
DA:12,0
DA:13,3
DA:14,0
DA:15,0
DA:16,1
DA:17,1
DA:18,3
LF:18
LH:14
BRDA:1,0,0,1
BRDA:1,1,0,1
BRDA:3,2,0,3
BRDA:4,3,0,1
BRDA:7,4,0,2
BRDA:7,5,0,1
BRDA:10,6,0,0
BRDA:13,7,0,1
BRDA:13,8,0,0
BRDA:16,9,0,1
BRF:10
BRH:8
end_of_record
