TN:
SF:src/app.controller.ts
FN:6,AppController
FN:9,getHello
FNF:2
FNH:2
FNDA:1,AppController
FNDA:1,getHello
DA:1,1
DA:2,1
DA:3,1
DA:4,1
DA:5,1
DA:6,1
DA:7,1
DA:8,1
DA:9,1
DA:10,1
DA:11,1
DA:12,1
DA:13,1
LF:13
LH:13
BRDA:6,0,0,1
BRDA:9,1,0,1
BRF:2
BRH:2
end_of_record
TN:
SF:src/app.service.ts
FN:5,getHello
FNF:1
FNH:1
FNDA:1,getHello
DA:1,1
DA:2,1
DA:3,1
DA:4,1
DA:5,1
DA:6,1
DA:7,1
DA:8,1
LF:8
LH:8
BRDA:5,0,0,1
BRF:1
BRH:1
end_of_record
TN:
SF:src/user_temp/user-temp-repository.ts
FN:5,LogToDB
FNF:1
FNH:0
FNDA:0,LogToDB
DA:1,1
DA:2,1
DA:3,1
DA:4,1
DA:5,1
DA:6,0
DA:7,0
DA:8,1
LF:8
LH:6
BRF:0
BRH:0
end_of_record
TN:
SF:src/user_temp/user_temp.controller.ts
FN:11,UserTempController
FN:16,create
FNF:2
FNH:1
FNDA:1,UserTempController
FNDA:0,create
DA:1,1
DA:2,1
DA:3,1
DA:4,1
DA:5,1
DA:6,1
DA:7,1
DA:8,1
DA:9,1
DA:10,1
DA:11,1
DA:12,1
DA:13,1
DA:14,1
DA:15,1
DA:16,1
DA:17,0
DA:18,0
DA:19,0
DA:20,0
DA:21,0
DA:22,0
DA:23,0
DA:24,0
DA:25,1
LF:25
LH:17
BRDA:11,0,0,1
BRF:1
BRH:1
end_of_record
TN:
SF:src/user_temp/user_temp.service.ts
FN:7,UserTempService
FN:10,LogUserTemp
FNF:2
FNH:2
FNDA:5,UserTempService
FNDA:3,LogUserTemp
DA:1,1
DA:2,1
DA:3,1
DA:4,1
DA:5,1
DA:6,1
DA:7,1
DA:8,5
DA:9,1
DA:10,1
DA:11,3
DA:12,3
DA:13,1
DA:14,1
DA:15,3
DA:16,1
DA:17,1
DA:18,3
DA:19,0
DA:20,0
DA:21,3
DA:22,0
DA:23,0
DA:24,1
DA:25,1
DA:26,1
DA:27,1
LF:27
LH:23
BRDA:7,0,0,5
BRDA:10,1,0,3
BRDA:12,2,0,1
BRDA:15,3,0,2
BRDA:15,4,0,1
BRDA:18,5,0,0
BRDA:21,6,0,1
BRDA:21,7,0,0
BRDA:24,8,0,1
BRF:9
BRH:7
end_of_record
TN:
SF:src/user_temp/dto/create-user_temp.dto.ts
FNF:0
FNH:0
DA:1,1
DA:2,1
DA:3,1
DA:4,1
DA:5,1
DA:6,1
DA:7,1
DA:8,1
DA:9,1
DA:10,1
DA:11,1
DA:12,1
DA:13,1
DA:14,1
DA:15,1
DA:16,1
LF:16
LH:16
BRF:0
BRH:0
end_of_record
TN:
SF:src/user_temp/dto/created-user_temp-response.dto.ts
FNF:0
FNH:0
DA:1,1
DA:2,1
DA:3,1
DA:4,1
DA:5,1
DA:6,1
LF:6
LH:6
BRF:0
BRH:0
end_of_record
TN:
SF:src/user_temp/dto/error-response.dto.ts
FNF:0
FNH:0
DA:1,1
DA:2,1
DA:3,1
DA:4,1
DA:5,1
DA:6,1
DA:7,1
DA:8,1
DA:9,1
LF:9
LH:9
BRF:0
BRH:0
end_of_record
